<?xml version="1.0" encoding="UTF-8"?>
<!-- Generated by org.testng.reporters.JUnitXMLReporter -->
<testsuite hostname="DESKTOP-D6PQ2CA" failures="0" tests="3" name="Test" time="15.301" errors="0" timestamp="2 Jun 2020 14:44:47 GMT">
  <testcase classname="org.automation.testcases.TC_001_ValidateLoginFunctionality" name="LoginFunctionality" time="1.01"/>
  <testcase classname="org.automation.testcases.TC_001_ValidateLoginFunctionality" name="LoginFunctionality" time="3.31"/>
  <testcase classname="org.automation.testcases.TC_002_RegisterAccount" name="RegisterNewAccount" time="0.0">
    <skipped/>
  </testcase> <!-- RegisterNewAccount -->
</testsuite> <!-- Test -->
