<?xml version="1.0" encoding="UTF-8"?>
<!-- Generated by org.testng.reporters.JUnitXMLReporter -->
<testsuite ignored="0" hostname="DESKTOP-D6PQ2CA" failures="0" tests="5" name="Test" time="42.087" errors="0" timestamp="2020-06-02T11:53:57 EDT">
  <testcase classname="org.automation.testcases.TC_001_ValidateLoginFunctionality" name="LoginFunctionality" time="5.966"/>
  <testcase classname="org.automation.testcases.TC_001_ValidateLoginFunctionality" name="LoginFunctionality" time="6.56"/>
  <testcase classname="org.automation.testcases.TC_002_RegisterAccount" name="RegisterNewAccount" time="1.114"/>
  <testcase classname="org.automation.testcases.TC_002_RegisterAccount" name="RegisterNewAccount" time="1.171"/>
  <testcase classname="org.automation.testcases.TC_002_RegisterAccount" name="RegisterNewAccount" time="1.285"/>
</testsuite> <!-- Test -->
